[06Feb2024 21:09:05.307] [main/INFO] [cpw.mods.modlauncher.Launcher/MODLAUNCHER]: ModLauncher running: args [--launchTarget, forge_userdev_data, --assetIndex, 8, --assetsDir, C:\Users\Alex\.gradle\caches\forge_gradle\assets, --gameDir, ., --fml.forgeVersion, 48.1.0, --fml.mcVersion, 1.20.2, --fml.forgeGroup, net.minecraftforge, --fml.mcpVersion, 20230921.100330, --mod, resourceful_slimes, --all, --output, D:\git\resourceful-slimes\src\generated\resources, --existing, D:\git\resourceful-slimes\src\main\resources]
[06Feb2024 21:09:05.312] [main/INFO] [cpw.mods.modlauncher.Launcher/MODLAUNCHER]: JVM identified as Microsoft OpenJDK 64-Bit Server VM 17.0.10+7-LTS
[06Feb2024 21:09:05.316] [main/INFO] [cpw.mods.modlauncher.Launcher/MODLAUNCHER]: ModLauncher 10.1.1 starting: java version 17.0.10 by Microsoft; OS Windows 10 arch amd64 version 10.0
[06Feb2024 21:09:05.483] [main/WARN] [net.minecraftforge.fml.loading.FMLConfig/CORE]: Configuration file D:\git\resourceful-slimes\run-data\config\fml.toml is not correct. Correcting
[06Feb2024 21:09:05.485] [main/INFO] [net.minecraftforge.fml.loading.FMLConfig/CORE]: Incorrect key [earlyWindowSkipGLVersions] was corrected from null to []
[06Feb2024 21:09:05.486] [main/INFO] [net.minecraftforge.fml.loading.FMLConfig/CORE]: Incorrect key [earlyWindowSquir] was corrected from null to false
[06Feb2024 21:09:05.517] [main/INFO] [net.minecraftforge.fml.loading.ImmediateWindowHandler/]: ImmediateWindowProvider not loading because launch target is forge_userdev_data
[06Feb2024 21:09:05.619] [main/INFO] [mixin/]: SpongePowered MIXIN Subsystem Version=0.8.5 Source=union:/C:/Users/Alex/.gradle/caches/modules-2/files-2.1/org.spongepowered/mixin/0.8.5/9d1c0c3a304ae6697ecd477218fa61b850bf57fc/mixin-0.8.5.jar%23127!/ Service=ModLauncher Env=UNKNOWN
[06Feb2024 21:09:06.042] [main/WARN] [net.minecraftforge.fml.loading.moddiscovery.ModFileParser/LOADING]: Mod file C:\Users\Alex\.gradle\caches\modules-2\files-2.1\net.minecraftforge\fmlcore\1.20.2-48.1.0\7a8d252b70bac3cde4ec0e82bd816fe0212551d\fmlcore-1.20.2-48.1.0.jar is missing mods.toml file
[06Feb2024 21:09:06.048] [main/WARN] [net.minecraftforge.fml.loading.moddiscovery.ModFileParser/LOADING]: Mod file C:\Users\Alex\.gradle\caches\modules-2\files-2.1\net.minecraftforge\javafmllanguage\1.20.2-48.1.0\d034c6f69f1f1cf324bdd7bbc66896e67990bbef\javafmllanguage-1.20.2-48.1.0.jar is missing mods.toml file
[06Feb2024 21:09:06.053] [main/WARN] [net.minecraftforge.fml.loading.moddiscovery.ModFileParser/LOADING]: Mod file C:\Users\Alex\.gradle\caches\modules-2\files-2.1\net.minecraftforge\lowcodelanguage\1.20.2-48.1.0\ac35e86aee5633ea200ae1607b4ca48b24cd845\lowcodelanguage-1.20.2-48.1.0.jar is missing mods.toml file
[06Feb2024 21:09:06.058] [main/WARN] [net.minecraftforge.fml.loading.moddiscovery.ModFileParser/LOADING]: Mod file C:\Users\Alex\.gradle\caches\modules-2\files-2.1\net.minecraftforge\mclanguage\1.20.2-48.1.0\7ddb9ee7a72eb906db86ca9490f35be1789c2813\mclanguage-1.20.2-48.1.0.jar is missing mods.toml file
[06Feb2024 21:09:06.073] [main/ERROR] [net.minecraftforge.fml.loading.moddiscovery.ModInfo/FATAL]: Invalid modId found in file D:\git\resourceful-slimes\build\resources\main - resourceful-slimes does not match the standard: ^[a-z][a-z0-9_]{1,63}$
[06Feb2024 21:09:06.074] [main/ERROR] [net.minecraftforge.fml.loading.moddiscovery.ModDiscoverer/SCAN]: Locator net.minecraftforge.fml.loading.moddiscovery.MinecraftLocator@71154f21 found an invalid mod file net.minecraftforge.fml.loading.moddiscovery.ModFileInfo@15f193b8
net.minecraftforge.fml.loading.moddiscovery.InvalidModFileException: Invalid modId found : resourceful-slimes (main)
	at net.minecraftforge.fml.loading.moddiscovery.ModInfo.<init>(ModInfo.java:62) ~[fmlloader-1.20.2-48.1.0.jar:?]
	at net.minecraftforge.fml.loading.moddiscovery.ModFileInfo.lambda$new$2(ModFileInfo.java:85) ~[fmlloader-1.20.2-48.1.0.jar:?]
	at java.util.stream.ReferencePipeline$3$1.accept(ReferencePipeline.java:197) ~[?:?]
	at java.util.ArrayList$ArrayListSpliterator.forEachRemaining(ArrayList.java:1625) ~[?:?]
	at java.util.stream.AbstractPipeline.copyInto(AbstractPipeline.java:509) ~[?:?]
	at java.util.stream.AbstractPipeline.wrapAndCopyInto(AbstractPipeline.java:499) ~[?:?]
	at java.util.stream.AbstractPipeline.evaluate(AbstractPipeline.java:575) ~[?:?]
	at java.util.stream.AbstractPipeline.evaluateToArrayNode(AbstractPipeline.java:260) ~[?:?]
	at java.util.stream.ReferencePipeline.toArray(ReferencePipeline.java:616) ~[?:?]
	at java.util.stream.ReferencePipeline.toArray(ReferencePipeline.java:622) ~[?:?]
	at java.util.stream.ReferencePipeline.toList(ReferencePipeline.java:627) ~[?:?]
	at net.minecraftforge.fml.loading.moddiscovery.ModFileInfo.<init>(ModFileInfo.java:86) ~[fmlloader-1.20.2-48.1.0.jar:?]
	at net.minecraftforge.fml.loading.moddiscovery.ModFileParser.modsTomlParser(ModFileParser.java:46) ~[fmlloader-1.20.2-48.1.0.jar:?]
	at net.minecraftforge.fml.loading.moddiscovery.ModFileParser.readModList(ModFileParser.java:30) ~[fmlloader-1.20.2-48.1.0.jar:?]
	at net.minecraftforge.fml.loading.moddiscovery.ModFile.<init>(ModFile.java:78) ~[fmlloader-1.20.2-48.1.0.jar:?]
	at net.minecraftforge.fml.loading.moddiscovery.ModFile.<init>(ModFile.java:67) ~[fmlloader-1.20.2-48.1.0.jar:?]
	at net.minecraftforge.fml.loading.moddiscovery.AbstractModProvider.createMod(AbstractModProvider.java:50) ~[fmlloader-1.20.2-48.1.0.jar:?]
	at net.minecraftforge.fml.loading.moddiscovery.MinecraftLocator.lambda$scanMods$6(MinecraftLocator.java:43) ~[fmlloader-1.20.2-48.1.0.jar:?]
	at java.util.stream.ReferencePipeline$3$1.accept(ReferencePipeline.java:197) ~[?:?]
	at java.util.AbstractList$RandomAccessSpliterator.forEachRemaining(AbstractList.java:720) ~[?:?]
	at java.util.stream.AbstractPipeline.copyInto(AbstractPipeline.java:509) ~[?:?]
	at java.util.stream.AbstractPipeline.wrapAndCopyInto(AbstractPipeline.java:499) ~[?:?]
	at java.util.stream.StreamSpliterators$WrappingSpliterator.forEachRemaining(StreamSpliterators.java:310) ~[?:?]
	at java.util.stream.Streams$ConcatSpliterator.forEachRemaining(Streams.java:735) ~[?:?]
	at java.util.stream.AbstractPipeline.copyInto(AbstractPipeline.java:509) ~[?:?]
	at java.util.stream.AbstractPipeline.wrapAndCopyInto(AbstractPipeline.java:499) ~[?:?]
	at java.util.stream.AbstractPipeline.evaluate(AbstractPipeline.java:575) ~[?:?]
	at java.util.stream.AbstractPipeline.evaluateToArrayNode(AbstractPipeline.java:260) ~[?:?]
	at java.util.stream.ReferencePipeline.toArray(ReferencePipeline.java:616) ~[?:?]
	at java.util.stream.ReferencePipeline.toArray(ReferencePipeline.java:622) ~[?:?]
	at java.util.stream.ReferencePipeline.toList(ReferencePipeline.java:627) ~[?:?]
	at net.minecraftforge.fml.loading.moddiscovery.MinecraftLocator.scanMods(MinecraftLocator.java:47) ~[fmlloader-1.20.2-48.1.0.jar:?]
	at net.minecraftforge.fml.loading.moddiscovery.ModDiscoverer.discoverMods(ModDiscoverer.java:75) ~[fmlloader-1.20.2-48.1.0.jar:?]
	at net.minecraftforge.fml.loading.FMLLoader.beginModScan(FMLLoader.java:164) ~[fmlloader-1.20.2-48.1.0.jar:1.0]
	at net.minecraftforge.fml.loading.FMLServiceProvider.beginScanning(FMLServiceProvider.java:86) ~[fmlloader-1.20.2-48.1.0.jar:1.0]
	at cpw.mods.modlauncher.TransformationServiceDecorator.runScan(TransformationServiceDecorator.java:106) ~[modlauncher-10.1.1.jar:?]
	at cpw.mods.modlauncher.TransformationServicesHandler.lambda$runScanningTransformationServices$8(TransformationServicesHandler.java:87) ~[modlauncher-10.1.1.jar:?]
	at java.util.stream.ReferencePipeline$3$1.accept(ReferencePipeline.java:197) ~[?:?]
	at java.util.HashMap$ValueSpliterator.forEachRemaining(HashMap.java:1779) ~[?:?]
	at java.util.stream.AbstractPipeline.copyInto(AbstractPipeline.java:509) ~[?:?]
	at java.util.stream.AbstractPipeline.wrapAndCopyInto(AbstractPipeline.java:499) ~[?:?]
	at java.util.stream.AbstractPipeline.evaluate(AbstractPipeline.java:575) ~[?:?]
	at java.util.stream.AbstractPipeline.evaluateToArrayNode(AbstractPipeline.java:260) ~[?:?]
	at java.util.stream.ReferencePipeline.toArray(ReferencePipeline.java:616) ~[?:?]
	at java.util.stream.ReferencePipeline.toArray(ReferencePipeline.java:622) ~[?:?]
	at java.util.stream.ReferencePipeline.toList(ReferencePipeline.java:627) ~[?:?]
	at cpw.mods.modlauncher.TransformationServicesHandler.runScanningTransformationServices(TransformationServicesHandler.java:89) ~[modlauncher-10.1.1.jar:?]
	at cpw.mods.modlauncher.TransformationServicesHandler.initializeTransformationServices(TransformationServicesHandler.java:42) ~[modlauncher-10.1.1.jar:?]
	at cpw.mods.modlauncher.Launcher.run(Launcher.java:76) ~[modlauncher-10.1.1.jar:?]
	at cpw.mods.modlauncher.Launcher.main(Launcher.java:66) ~[modlauncher-10.1.1.jar:?]
	at cpw.mods.modlauncher.BootstrapLaunchConsumer.accept(BootstrapLaunchConsumer.java:13) ~[modlauncher-10.1.1.jar:?]
	at cpw.mods.modlauncher.BootstrapLaunchConsumer.accept(BootstrapLaunchConsumer.java:10) ~[modlauncher-10.1.1.jar:?]
	at net.minecraftforge.bootstrap.BootstrapLauncher.main(BootstrapLauncher.java:126) ~[bootstrap-1.2.0.jar:?]
[06Feb2024 21:09:06.200] [main/INFO] [net.minecraftforge.fml.loading.moddiscovery.JarInJarDependencyLocator/]: No dependencies to load found. Skipping!
